2025-03-12 21:52:16,703 - INFO - Banco de dados 'sistema_seguranca.db' ja existe.
2025-03-12 21:52:25,526 - INFO - Usuario com email 'master@ssc.com' encontrado.
2025-03-12 21:52:28,219 - INFO - Token atualizado para o usuario ID: 5
2025-03-12 21:52:28,219 - INFO - LOGIN: Usuario logado com sucesso: master@ssc.com
2025-03-12 21:52:28,240 - INFO - Usuario com email 'master@ssc.com' encontrado.
2025-03-12 21:52:28,240 - INFO - Token recuperado para o usuario 'master@ssc.com'.
2025-03-12 21:52:28,241 - INFO - VALIDATE TOKEN: Token valido --> master@ssc.com
2025-03-12 21:52:28,251 - INFO - Usuario master acessou a plataforma
2025-03-12 21:53:54,740 - INFO - Banco de dados 'sistema_seguranca.db' ja existe.
2025-03-12 21:54:01,359 - INFO - Usuario com email 'vitor@gmail.com' encontrado.
2025-03-12 21:54:04,017 - INFO - Token atualizado para o usuario ID: 1
2025-03-12 21:54:04,017 - INFO - LOGIN: Usuario logado com sucesso: vitor@gmail.com
2025-03-12 21:54:04,032 - INFO - Usuario com email 'vitor@gmail.com' encontrado.
2025-03-12 21:54:04,032 - INFO - Token recuperado para o usuario 'vitor@gmail.com'.
2025-03-12 21:54:04,033 - INFO - VALIDATE TOKEN: Token valido --> vitor@gmail.com
2025-03-12 21:58:21,681 - INFO - Banco de dados 'sistema_seguranca.db' ja existe.
2025-03-12 21:58:24,992 - INFO - CADASTRO: Username valido
2025-03-12 21:58:29,036 - INFO - CADASTRO: Email valido
2025-03-12 21:58:30,998 - INFO - CADASTRO: Senha valida
2025-03-12 21:58:31,264 - INFO - Usuario 'deletar' registrado com sucesso.
2025-03-12 21:58:31,274 - INFO - Banco de dados 'sistema_seguranca.db' ja existe.
2025-03-12 21:58:33,211 - INFO - Usuario com email 'deletar@gmail.com' encontrado.
2025-03-12 21:58:35,839 - INFO - Token atualizado para o usuario ID: 6
2025-03-12 21:58:35,839 - INFO - LOGIN: Usuario logado com sucesso: deletar@gmail.com
2025-03-12 21:58:35,850 - INFO - Usuario com email 'deletar@gmail.com' encontrado.
2025-03-12 21:58:35,850 - INFO - Token recuperado para o usuario 'deletar@gmail.com'.
2025-03-12 21:58:35,851 - INFO - VALIDATE TOKEN: Token valido --> deletar@gmail.com
2025-03-12 21:58:49,550 - INFO - Token recuperado para o usuario 'deletar@gmail.com'.
2025-03-12 21:58:49,550 - INFO - VALIDATE TOKEN: Token valido --> deletar@gmail.com
2025-03-12 21:59:23,718 - INFO - Banco de dados 'sistema_seguranca.db' ja existe.
2025-03-12 21:59:26,661 - INFO - Usuario com email 'deletar@gmail.com' encontrado.
2025-03-12 21:59:29,964 - INFO - Token atualizado para o usuario ID: 6
2025-03-12 21:59:29,964 - INFO - LOGIN: Usuario logado com sucesso: deletar@gmail.com
2025-03-12 21:59:29,976 - INFO - Usuario com email 'deletar@gmail.com' encontrado.
2025-03-12 21:59:29,976 - INFO - Token recuperado para o usuario 'deletar@gmail.com'.
2025-03-12 21:59:29,977 - INFO - VALIDATE TOKEN: Token valido --> deletar@gmail.com
2025-03-12 21:59:33,963 - INFO - Token recuperado para o usuario 'deletar@gmail.com'.
2025-03-12 21:59:33,963 - INFO - VALIDATE TOKEN: Token valido --> deletar@gmail.com
2025-03-12 21:59:39,225 - INFO - Usuario 'deletar@gmail.com' deletado com sucesso.
2025-03-12 21:59:40,463 - INFO - Banco de dados 'sistema_seguranca.db' ja existe.
